Set platform to 'v4', using directory 'C:\Windows\Microsoft.NET\Framework64\v4.0.30319' for mscorlib.dll
Set platform to 'v2', using directory 'C:\Windows\Microsoft.NET\Framework64\v4.0.30319' for mscorlib.dll
Running on Microsoft (R) .NET Framework v4.0.30319
mscorlib.dll version = 4.0.0.0
The list of input assemblies is:
	C:\Users\Public\Documents\Repositories\chaos\Portal-HttpModule\src\app\CHAOS.Portal.Core.HttpModule\bin\Release\CHAOS.Portal.Core.HttpModule.dll
Trying to read assembly from the file 'C:\Users\Public\Documents\Repositories\chaos\Portal-HttpModule\src\app\CHAOS.Portal.Core.HttpModule\bin\Release\CHAOS.Portal.Core.HttpModule.dll'.
	Successfully read in assembly.
	There were no errors reported in CHAOS.Portal.Core.HttpModule's metadata.
Checking to see that all of the input assemblies have a compatible PeKind.
	CHAOS.Portal.Core.HttpModule.PeKind = ILonly
All input assemblies have a compatible PeKind value.
AssemblyResolver: Assembly 'CHAOS.Portal.Core.HttpModule' is referencing assembly 'System.Web'.
	AssemblyResolver: Attempting referencing assembly's directory.
	AssemblyResolver: Did not find assembly in referencing assembly's directory.
	AssemblyResolver: Attempting input directory.
	AssemblyResolver: Did not find assembly in input directory.
	AssemblyResolver: Attempting user-supplied directories.
	AssemblyResolver: Did not find assembly in user-supplied directories.
	AssemblyResolver: Attempting framework directory.
Resolved assembly reference 'System.Web' to 'C:\Windows\Microsoft.NET\Framework64\v4.0.30319\System.Web.dll'. (Used framework directory.)
AssemblyResolver: Assembly 'CHAOS.Portal.Core.HttpModule' is referencing assembly 'Portal'.
	AssemblyResolver: Attempting referencing assembly's directory.
Resolved assembly reference 'Portal' to 'C:\Users\Public\Documents\Repositories\chaos\Portal-HttpModule\src\app\CHAOS.Portal.Core.HttpModule\bin\Release\Portal.dll'. (Used referencing Module's directory.)
AssemblyResolver: Assembly 'CHAOS.Portal.Core.HttpModule' is referencing assembly 'System.Xml.Linq'.
	AssemblyResolver: Attempting referencing assembly's directory.
	AssemblyResolver: Did not find assembly in referencing assembly's directory.
	AssemblyResolver: Attempting input directory.
	AssemblyResolver: Did not find assembly in input directory.
	AssemblyResolver: Attempting user-supplied directories.
	AssemblyResolver: Did not find assembly in user-supplied directories.
	AssemblyResolver: Attempting framework directory.
Resolved assembly reference 'System.Xml.Linq' to 'C:\Windows\Microsoft.NET\Framework64\v4.0.30319\System.Xml.Linq.dll'. (Used framework directory.)
AssemblyResolver: Assembly 'System.Xml.Linq' is referencing assembly 'System.Xml'.
	AssemblyResolver: Attempting referencing assembly's directory.
Resolved assembly reference 'System.Xml' to 'C:\Windows\Microsoft.NET\Framework64\v4.0.30319\System.Xml.dll'. (Used referencing Module's directory.)
Using assembly 'CHAOS.Portal.Core.HttpModule' for assembly-level attributes for the target assembly.
Merging assembly 'CHAOS.Portal.Core.HttpModule' into target assembly.
Copying 1 Win32 Resources from assembly 'CHAOS.Portal.Core.HttpModule' into target assembly.
	There were no errors reported in the target assembly's metadata.
ILMerge: Writing target assembly 'C:\Users\Public\Documents\Repositories\chaos\Portal-HttpModule\build\CHAOS.Portal.Core.HttpModule.dll'.
AssemblyResolver: Assembly 'System.Web' is referencing assembly 'System.Configuration'.
	AssemblyResolver: Attempting referencing assembly's directory.
Resolved assembly reference 'System.Configuration' to 'C:\Windows\Microsoft.NET\Framework64\v4.0.30319\System.Configuration.dll'. (Used referencing Module's directory.)
AssemblyResolver: Assembly 'CHAOS.Portal.Core.HttpModule' is referencing assembly 'Couchbase'.
	AssemblyResolver: Attempting referencing assembly's directory.
Resolved assembly reference 'Couchbase' to 'C:\Users\Public\Documents\Repositories\chaos\Portal-HttpModule\src\app\CHAOS.Portal.Core.HttpModule\bin\Release\Couchbase.dll'. (Used referencing Module's directory.)
AssemblyResolver: Assembly 'Couchbase' is referencing assembly 'Enyim.Caching'.
	AssemblyResolver: Attempting referencing assembly's directory.
Resolved assembly reference 'Enyim.Caching' to 'C:\Users\Public\Documents\Repositories\chaos\Portal-HttpModule\src\app\CHAOS.Portal.Core.HttpModule\bin\Release\Enyim.Caching.dll'. (Used referencing Module's directory.)
AssemblyResolver: Assembly 'CHAOS.Portal.Core.HttpModule' is referencing assembly 'CHAOS'.
	AssemblyResolver: Attempting referencing assembly's directory.
Resolved assembly reference 'CHAOS' to 'C:\Users\Public\Documents\Repositories\chaos\Portal-HttpModule\src\app\CHAOS.Portal.Core.HttpModule\bin\Release\CHAOS.dll'. (Used referencing Module's directory.)
AssemblyResolver: Assembly 'CHAOS.Portal.Core.HttpModule' is referencing assembly 'System.Core'.
	AssemblyResolver: Attempting referencing assembly's directory.
	AssemblyResolver: Did not find assembly in referencing assembly's directory.
	AssemblyResolver: Attempting input directory.
	AssemblyResolver: Did not find assembly in input directory.
	AssemblyResolver: Attempting user-supplied directories.
	AssemblyResolver: Did not find assembly in user-supplied directories.
	AssemblyResolver: Attempting framework directory.
Resolved assembly reference 'System.Core' to 'C:\Windows\Microsoft.NET\Framework64\v4.0.30319\System.Core.dll'. (Used framework directory.)
AssemblyResolver: Assembly 'Portal' is referencing assembly 'System.Data.Entity'.
	AssemblyResolver: Attempting referencing assembly's directory.
	AssemblyResolver: Did not find assembly in referencing assembly's directory.
	AssemblyResolver: Attempting input directory.
	AssemblyResolver: Did not find assembly in input directory.
	AssemblyResolver: Attempting user-supplied directories.
	AssemblyResolver: Did not find assembly in user-supplied directories.
	AssemblyResolver: Attempting framework directory.
Resolved assembly reference 'System.Data.Entity' to 'C:\Windows\Microsoft.NET\Framework64\v4.0.30319\System.Data.Entity.dll'. (Used framework directory.)
AssemblyResolver: Assembly 'System.Data.Entity' is referencing assembly 'System.Data'.
	AssemblyResolver: Attempting referencing assembly's directory.
Resolved assembly reference 'System.Data' to 'C:\Windows\Microsoft.NET\Framework64\v4.0.30319\System.Data.dll'. (Used referencing Module's directory.)
AssemblyResolver: Assembly 'Portal' is referencing assembly 'System.Runtime.Serialization'.
	AssemblyResolver: Attempting referencing assembly's directory.
	AssemblyResolver: Did not find assembly in referencing assembly's directory.
	AssemblyResolver: Attempting input directory.
	AssemblyResolver: Did not find assembly in input directory.
	AssemblyResolver: Attempting user-supplied directories.
	AssemblyResolver: Did not find assembly in user-supplied directories.
	AssemblyResolver: Attempting framework directory.
Resolved assembly reference 'System.Runtime.Serialization' to 'C:\Windows\Microsoft.NET\Framework64\v4.0.30319\System.Runtime.Serialization.dll'. (Used framework directory.)
Location for referenced assembly 'System.Web' is 'C:\Windows\Microsoft.NET\Framework64\v4.0.30319\System.Web.dll'
	There were no errors reported in  System.Web's metadata.
Location for referenced assembly 'Portal' is 'C:\Users\Public\Documents\Repositories\chaos\Portal-HttpModule\src\app\CHAOS.Portal.Core.HttpModule\bin\Release\Portal.dll'
	There were no errors reported in  Portal's metadata.
Location for referenced assembly 'mscorlib' is 'C:\Windows\Microsoft.NET\Framework64\v4.0.30319\mscorlib.dll'
	There were no errors reported in  mscorlib's metadata.
Location for referenced assembly 'System.Xml.Linq' is 'C:\Windows\Microsoft.NET\Framework64\v4.0.30319\System.Xml.Linq.dll'
	There were no errors reported in  System.Xml.Linq's metadata.
Location for referenced assembly 'Couchbase' is 'C:\Users\Public\Documents\Repositories\chaos\Portal-HttpModule\src\app\CHAOS.Portal.Core.HttpModule\bin\Release\Couchbase.dll'
	There were no errors reported in  Couchbase's metadata.
Location for referenced assembly 'CHAOS' is 'C:\Users\Public\Documents\Repositories\chaos\Portal-HttpModule\src\app\CHAOS.Portal.Core.HttpModule\bin\Release\CHAOS.dll'
	There were no errors reported in  CHAOS's metadata.
Location for referenced assembly 'System.Core' is 'C:\Windows\Microsoft.NET\Framework64\v4.0.30319\System.Core.dll'
	There were no errors reported in  System.Core's metadata.
Location for referenced assembly 'System.Data.Entity' is 'C:\Windows\Microsoft.NET\Framework64\v4.0.30319\System.Data.Entity.dll'
	There were no errors reported in  System.Data.Entity's metadata.
Location for referenced assembly 'System' is 'C:\Windows\Microsoft.NET\Framework64\v4.0.30319\system.dll'
	There were no errors reported in  System's metadata.
ILMerge: Done.
